This file contains any messages produced by compilers while
running configure, to aid debugging if configure makes a mistake.

It was created by disruptor configure 1.0, which was
generated by GNU Autoconf 2.65.  Invocation command line was

  $ /home/tingarg/git/disruptor/configure 

## --------- ##
## Platform. ##
## --------- ##

hostname = changoon
uname -m = x86_64
uname -r = 2.6.38-10-generic
uname -s = Linux
uname -v = #46-Ubuntu SMP Tue Jun 28 15:07:17 UTC 2011

/usr/bin/uname -p = unknown
/bin/uname -X     = unknown

/bin/arch              = unknown
/usr/bin/arch -k       = unknown
/usr/convex/getsysinfo = unknown
/usr/bin/hostinfo      = unknown
/bin/machine           = unknown
/usr/bin/oslevel       = unknown
/bin/universe          = unknown

PATH: /home/tingarg/bin
PATH: /usr/local/sbin
PATH: /usr/local/bin
PATH: /usr/sbin
PATH: /usr/bin
PATH: /sbin
PATH: /bin
PATH: /usr/games


## ----------- ##
## Core tests. ##
## ----------- ##

configure:1792: checking build system type
configure:1806: result: x86_64-unknown-linux-gnu
configure:1826: checking host system type
configure:1839: result: x86_64-unknown-linux-gnu
configure:1859: checking target system type
configure:1872: result: x86_64-unknown-linux-gnu
configure:1915: checking for a BSD-compatible install
configure:1983: result: /usr/bin/install -c
configure:1994: checking whether build environment is sane
configure:2044: result: yes
configure:2185: checking for a thread-safe mkdir -p
configure:2224: result: /bin/mkdir -p
configure:2237: checking for gawk
configure:2267: result: no
configure:2237: checking for mawk
configure:2253: found /usr/bin/mawk
configure:2264: result: mawk
configure:2275: checking whether make sets $(MAKE)
configure:2297: result: yes
configure:2436: checking for g++
configure:2452: found /usr/bin/g++
configure:2463: result: g++
configure:2490: checking for C++ compiler version
configure:2499: g++ --version >&5
g++ (Ubuntu/Linaro 4.5.2-8ubuntu4) 4.5.2
Copyright (C) 2010 Free Software Foundation, Inc.
This is free software; see the source for copying conditions.  There is NO
warranty; not even for MERCHANTABILITY or FITNESS FOR A PARTICULAR PURPOSE.

configure:2510: $? = 0
configure:2499: g++ -v >&5
Using built-in specs.
COLLECT_GCC=g++
COLLECT_LTO_WRAPPER=/usr/lib/x86_64-linux-gnu/gcc/x86_64-linux-gnu/4.5.2/lto-wrapper
Target: x86_64-linux-gnu
Configured with: ../src/configure -v --with-pkgversion='Ubuntu/Linaro 4.5.2-8ubuntu4' --with-bugurl=file:///usr/share/doc/gcc-4.5/README.Bugs --enable-languages=c,c++,fortran,objc,obj-c++ --prefix=/usr --program-suffix=-4.5 --enable-shared --enable-multiarch --with-multiarch-defaults=x86_64-linux-gnu --enable-linker-build-id --with-system-zlib --libexecdir=/usr/lib/x86_64-linux-gnu --without-included-gettext --enable-threads=posix --with-gxx-include-dir=/usr/include/c++/4.5 --libdir=/usr/lib/x86_64-linux-gnu --enable-nls --with-sysroot=/ --enable-clocale=gnu --enable-libstdcxx-debug --enable-libstdcxx-time=yes --enable-plugin --enable-gold --enable-ld=default --with-plugin-ld=ld.gold --enable-objc-gc --disable-werror --with-arch-32=i686 --with-tune=generic --enable-checking=release --build=x86_64-linux-gnu --host=x86_64-linux-gnu --target=x86_64-linux-gnu
Thread model: posix
gcc version 4.5.2 (Ubuntu/Linaro 4.5.2-8ubuntu4) 
configure:2510: $? = 0
configure:2499: g++ -V >&5
g++: '-V' option must have argument
configure:2510: $? = 1
configure:2499: g++ -qversion >&5
g++: unrecognized option '-qversion'
g++: no input files
configure:2510: $? = 1
configure:2530: checking whether the C++ compiler works
configure:2552: g++    conftest.cpp  >&5
configure:2556: $? = 0
configure:2605: result: yes
configure:2608: checking for C++ compiler default output file name
configure:2610: result: a.out
configure:2616: checking for suffix of executables
configure:2623: g++ -o conftest    conftest.cpp  >&5
configure:2627: $? = 0
configure:2649: result: 
configure:2671: checking whether we are cross compiling
configure:2679: g++ -o conftest    conftest.cpp  >&5
configure:2683: $? = 0
configure:2690: ./conftest
configure:2694: $? = 0
configure:2709: result: no
configure:2714: checking for suffix of object files
configure:2736: g++ -c   conftest.cpp >&5
configure:2740: $? = 0
configure:2761: result: o
configure:2765: checking whether we are using the GNU C++ compiler
configure:2784: g++ -c   conftest.cpp >&5
configure:2784: $? = 0
configure:2793: result: yes
configure:2802: checking whether g++ accepts -g
configure:2822: g++ -c -g  conftest.cpp >&5
configure:2822: $? = 0
configure:2863: result: yes
configure:2897: checking for style of include used by make
configure:2925: result: GNU
configure:2950: checking dependency style of g++
configure:3060: result: gcc3
configure:3232: creating ./config.status

## ---------------------- ##
## Running config.status. ##
## ---------------------- ##

This file was extended by disruptor config.status 1.0, which was
generated by GNU Autoconf 2.65.  Invocation command line was

  CONFIG_FILES    = 
  CONFIG_HEADERS  = 
  CONFIG_LINKS    = 
  CONFIG_COMMANDS = 
  $ ./config.status 

on changoon

config.status:783: creating Makefile
config.status:783: creating src/Makefile
config.status:946: executing depfiles commands

## ---------------- ##
## Cache variables. ##
## ---------------- ##

ac_cv_build=x86_64-unknown-linux-gnu
ac_cv_cxx_compiler_gnu=yes
ac_cv_env_CCC_set=
ac_cv_env_CCC_value=
ac_cv_env_CPPFLAGS_set=
ac_cv_env_CPPFLAGS_value=
ac_cv_env_CXXFLAGS_set=
ac_cv_env_CXXFLAGS_value=
ac_cv_env_CXX_set=
ac_cv_env_CXX_value=
ac_cv_env_LDFLAGS_set=
ac_cv_env_LDFLAGS_value=
ac_cv_env_LIBS_set=
ac_cv_env_LIBS_value=
ac_cv_env_build_alias_set=
ac_cv_env_build_alias_value=
ac_cv_env_host_alias_set=
ac_cv_env_host_alias_value=
ac_cv_env_target_alias_set=
ac_cv_env_target_alias_value=
ac_cv_host=x86_64-unknown-linux-gnu
ac_cv_objext=o
ac_cv_path_install='/usr/bin/install -c'
ac_cv_path_mkdir=/bin/mkdir
ac_cv_prog_AWK=mawk
ac_cv_prog_ac_ct_CXX=g++
ac_cv_prog_cxx_g=yes
ac_cv_prog_make_make_set=yes
ac_cv_target=x86_64-unknown-linux-gnu
am_cv_CXX_dependencies_compiler_type=gcc3

## ----------------- ##
## Output variables. ##
## ----------------- ##

ACLOCAL='${SHELL} /home/tingarg/git/disruptor/missing --run aclocal-1.11'
AMDEPBACKSLASH='\'
AMDEP_FALSE='#'
AMDEP_TRUE=''
AMTAR='${SHELL} /home/tingarg/git/disruptor/missing --run tar'
AUTOCONF='${SHELL} /home/tingarg/git/disruptor/missing --run autoconf'
AUTOHEADER='${SHELL} /home/tingarg/git/disruptor/missing --run autoheader'
AUTOMAKE='${SHELL} /home/tingarg/git/disruptor/missing --run automake-1.11'
AWK='mawk'
CPPFLAGS=''
CXX='g++'
CXXDEPMODE='depmode=gcc3'
CXXFLAGS='-g -O2'
CYGPATH_W='echo'
DEFS='-DPACKAGE_NAME=\"disruptor\" -DPACKAGE_TARNAME=\"disruptor\" -DPACKAGE_VERSION=\"1.0\" -DPACKAGE_STRING=\"disruptor\ 1.0\" -DPACKAGE_BUGREPORT=\"\" -DPACKAGE_URL=\"\" -DPACKAGE=\"disruptor\" -DVERSION=\"1.0\"'
DEPDIR='.deps'
ECHO_C=''
ECHO_N='-n'
ECHO_T=''
EXEEXT=''
INSTALL_DATA='${INSTALL} -m 644'
INSTALL_PROGRAM='${INSTALL}'
INSTALL_SCRIPT='${INSTALL}'
INSTALL_STRIP_PROGRAM='$(install_sh) -c -s'
LDFLAGS=''
LIBOBJS=''
LIBS=''
LTLIBOBJS=''
MAKEINFO='${SHELL} /home/tingarg/git/disruptor/missing --run makeinfo'
MKDIR_P='/bin/mkdir -p'
OBJEXT='o'
PACKAGE='disruptor'
PACKAGE_BUGREPORT=''
PACKAGE_NAME='disruptor'
PACKAGE_STRING='disruptor 1.0'
PACKAGE_TARNAME='disruptor'
PACKAGE_URL=''
PACKAGE_VERSION='1.0'
PATH_SEPARATOR=':'
SET_MAKE=''
SHELL='/bin/bash'
STRIP=''
VERSION='1.0'
ac_ct_CXX='g++'
am__EXEEXT_FALSE=''
am__EXEEXT_TRUE='#'
am__fastdepCXX_FALSE='#'
am__fastdepCXX_TRUE=''
am__include='include'
am__isrc=''
am__leading_dot='.'
am__quote=''
am__tar='${AMTAR} chof - "$$tardir"'
am__untar='${AMTAR} xf -'
bindir='${exec_prefix}/bin'
build='x86_64-unknown-linux-gnu'
build_alias=''
build_cpu='x86_64'
build_os='linux-gnu'
build_vendor='unknown'
datadir='${datarootdir}'
datarootdir='${prefix}/share'
docdir='${datarootdir}/doc/${PACKAGE_TARNAME}'
dvidir='${docdir}'
exec_prefix='${prefix}'
host='x86_64-unknown-linux-gnu'
host_alias=''
host_cpu='x86_64'
host_os='linux-gnu'
host_vendor='unknown'
htmldir='${docdir}'
includedir='${prefix}/include'
infodir='${datarootdir}/info'
install_sh='${SHELL} /home/tingarg/git/disruptor/install-sh'
libdir='${exec_prefix}/lib'
libexecdir='${exec_prefix}/libexec'
localedir='${datarootdir}/locale'
localstatedir='${prefix}/var'
mandir='${datarootdir}/man'
mkdir_p='/bin/mkdir -p'
oldincludedir='/usr/include'
pdfdir='${docdir}'
prefix='/usr/local'
program_transform_name='s,x,x,'
psdir='${docdir}'
sbindir='${exec_prefix}/sbin'
sharedstatedir='${prefix}/com'
sysconfdir='${prefix}/etc'
target='x86_64-unknown-linux-gnu'
target_alias=''
target_cpu='x86_64'
target_os='linux-gnu'
target_vendor='unknown'

## ----------- ##
## confdefs.h. ##
## ----------- ##

/* confdefs.h */
#define PACKAGE_NAME "disruptor"
#define PACKAGE_TARNAME "disruptor"
#define PACKAGE_VERSION "1.0"
#define PACKAGE_STRING "disruptor 1.0"
#define PACKAGE_BUGREPORT ""
#define PACKAGE_URL ""
#define PACKAGE "disruptor"
#define VERSION "1.0"

configure: exit 0
